<?xml version="1.0" encoding="UTF-8"?>
<!-- Generated by org.testng.reporters.JUnitReportReporter -->
<testsuite hostname="DESKTOP-PSPSVDJ" failures="0" tests="2" name="Selenium.petSwagger.test2" time="4.213" errors="0" timestamp="2023-02-15T11:52:01 EST" skipped="0">
  <testcase classname="Selenium.petSwagger.test2" name="findPet" time="2.052"/>
  <system-out/>
  <testcase classname="Selenium.petSwagger.test2" name="responseBodyVerify" time="2.161"/>
  <system-out/>
</testsuite> <!-- Selenium.petSwagger.test2 -->
