<?xml version="1.0" encoding="UTF-8"?>
<!-- Generated by org.testng.reporters.JUnitReportReporter -->
<testsuite hostname="DESKTOP-PSPSVDJ" failures="0" tests="2" name="Selenium.petSwagger.test1" time="127.360" errors="0" timestamp="2023-02-14T21:56:24 EST" skipped="0">
  <testcase classname="Selenium.petSwagger.test1" name="responseBodyVerify" time="3.366"/>
  <system-out/>
  <testcase classname="Selenium.petSwagger.test1" name="addPet" time="123.994"/>
  <system-out/>
</testsuite> <!-- Selenium.petSwagger.test1 -->
