<?xml version="1.0" encoding="UTF-8"?>
<!-- Generated by org.testng.reporters.JUnitReportReporter -->
<testsuite hostname="DESKTOP-PSPSVDJ" failures="0" tests="1" name="Selenium.petSwagger.deletePetAPITest" time="0.688" errors="0" timestamp="2023-02-21T12:32:40 EST" skipped="0">
  <testcase classname="Selenium.petSwagger.deletePetAPITest" name="removePet" time="0.688"/>
  <system-out/>
</testsuite> <!-- Selenium.petSwagger.deletePetAPITest -->
