<?xml version="1.0" encoding="UTF-8"?>
<!-- Generated by org.testng.reporters.JUnitReportReporter -->
<testsuite hostname="DESKTOP-PSPSVDJ" failures="0" tests="2" name="Selenium.petSwagger.addPetTest" time="12.116" errors="0" timestamp="2023-02-21T12:32:40 EST" skipped="0">
  <testcase classname="Selenium.petSwagger.addPetTest" name="addPet" time="9.893"/>
  <system-out/>
  <testcase classname="Selenium.petSwagger.addPetTest" name="responseBodyVerify" time="2.223"/>
  <system-out/>
</testsuite> <!-- Selenium.petSwagger.addPetTest -->
