<?xml version="1.0" encoding="UTF-8"?>
<!-- Generated by org.testng.reporters.JUnitReportReporter -->
<testsuite hostname="DESKTOP-PSPSVDJ" failures="0" tests="3" name="Selenium.petSwagger.test2_API" time="925.693" errors="0" timestamp="2023-02-14T21:56:24 EST" skipped="0">
  <testcase classname="Selenium.petSwagger.test2_API" name="responseBodyVerify" time="3.883"/>
  <system-out/>
  <testcase classname="Selenium.petSwagger.test2_API" name="addPet" time="67.439"/>
  <system-out/>
  <testcase classname="Selenium.petSwagger.test2_API" name="findPet" time="854.371"/>
  <system-out/>
</testsuite> <!-- Selenium.petSwagger.test2_API -->
