<?xml version="1.0" encoding="UTF-8"?>
<!-- Generated by org.testng.reporters.JUnitReportReporter -->
<testsuite hostname="DESKTOP-PSPSVDJ" failures="0" tests="2" name="Selenium.petSwagger.getPetTest" time="4.460" errors="0" timestamp="2023-02-21T12:32:40 EST" skipped="0">
  <testcase classname="Selenium.petSwagger.getPetTest" name="responseBodyVerify" time="2.142"/>
  <system-out/>
  <testcase classname="Selenium.petSwagger.getPetTest" name="findPet" time="2.318"/>
  <system-out/>
</testsuite> <!-- Selenium.petSwagger.getPetTest -->
