<?xml version="1.0" encoding="UTF-8"?>
<!-- Generated by org.testng.reporters.JUnitReportReporter -->
<testsuite hostname="DESKTOP-PSPSVDJ" failures="0" tests="1" name="Selenium.petSwagger.test1" time="8.921" errors="0" timestamp="2023-02-13T20:46:33 EST" skipped="0">
  <testcase classname="Selenium.petSwagger.test1" name="addPet" time="8.921"/>
  <system-out/>
</testsuite> <!-- Selenium.petSwagger.test1 -->
