<?xml version="1.0" encoding="UTF-8"?>
<!-- Generated by org.testng.reporters.JUnitReportReporter -->
<testsuite hostname="DESKTOP-PSPSVDJ" failures="0" tests="1" name="Selenium.petSwagger.test3_API" time="0.811" errors="0" timestamp="2023-02-15T11:52:01 EST" skipped="0">
  <testcase classname="Selenium.petSwagger.test3_API" name="removePet" time="0.811"/>
  <system-out/>
</testsuite> <!-- Selenium.petSwagger.test3_API -->
