<?xml version="1.0" encoding="UTF-8"?>
<!-- Generated by org.testng.reporters.JUnitReportReporter -->
<testsuite hostname="DESKTOP-PSPSVDJ" failures="0" tests="2" name="Selenium.petSwagger.test1" time="13.194" errors="0" timestamp="2023-02-15T11:52:01 EST" skipped="0">
  <testcase classname="Selenium.petSwagger.test1" name="responseBodyVerify" time="2.225"/>
  <system-out/>
  <testcase classname="Selenium.petSwagger.test1" name="addPet" time="10.969"/>
  <system-out/>
</testsuite> <!-- Selenium.petSwagger.test1 -->
