<?xml version="1.0" encoding="UTF-8"?>
<!-- Generated by org.testng.reporters.JUnitReportReporter -->
<testsuite hostname="DESKTOP-PSPSVDJ" failures="0" tests="1" name="Selenium.petSwagger.test2_API" time="4.575" errors="0" timestamp="2023-02-15T11:52:01 EST" skipped="0">
  <testcase classname="Selenium.petSwagger.test2_API" name="findPet" time="4.575"/>
  <system-out/>
</testsuite> <!-- Selenium.petSwagger.test2_API -->
