<?xml version="1.0" encoding="UTF-8"?>
<!-- Generated by org.testng.reporters.JUnitReportReporter -->
<testsuite hostname="DESKTOP-PSPSVDJ" failures="0" tests="2" name="Selenium.petSwagger.test1" time="9.332" errors="0" timestamp="2023-02-15T12:03:25 EST" skipped="0">
  <testcase classname="Selenium.petSwagger.test1" name="addPet" time="7.094"/>
  <system-out/>
  <testcase classname="Selenium.petSwagger.test1" name="responseBodyVerify" time="2.238"/>
  <system-out/>
</testsuite> <!-- Selenium.petSwagger.test1 -->
