<?xml version="1.0" encoding="UTF-8"?>
<!-- Generated by org.testng.reporters.JUnitReportReporter -->
<testsuite hostname="DESKTOP-PSPSVDJ" failures="0" tests="2" name="Selenium.petSwagger.test2" time="4.503" errors="0" timestamp="2023-02-14T18:35:42 EST" skipped="0">
  <testcase classname="Selenium.petSwagger.test2" name="findPet" time="2.329"/>
  <system-out/>
  <testcase classname="Selenium.petSwagger.test2" name="responseBodyVerify" time="2.174"/>
  <system-out/>
</testsuite> <!-- Selenium.petSwagger.test2 -->
