<?xml version="1.0" encoding="UTF-8"?>
<!-- Generated by org.testng.reporters.JUnitReportReporter -->
<testsuite hostname="DESKTOP-PSPSVDJ" failures="0" tests="2" name="Selenium.petSwagger.addPetTest" time="14.666" errors="0" timestamp="2023-02-21T11:41:04 EST" skipped="0">
  <testcase classname="Selenium.petSwagger.addPetTest" name="addPet" time="12.410"/>
  <system-out/>
  <testcase classname="Selenium.petSwagger.addPetTest" name="responseBodyVerify" time="2.256"/>
  <system-out/>
</testsuite> <!-- Selenium.petSwagger.addPetTest -->
