<?xml version="1.0" encoding="UTF-8"?>
<!-- Generated by org.testng.reporters.JUnitReportReporter -->
<testsuite hostname="DESKTOP-PSPSVDJ" failures="0" tests="2" name="Selenium.petSwagger.getPetTest" time="4.446" errors="0" timestamp="2023-02-21T11:41:04 EST" skipped="0">
  <testcase classname="Selenium.petSwagger.getPetTest" name="findPet" time="2.297"/>
  <system-out/>
  <testcase classname="Selenium.petSwagger.getPetTest" name="responseBodyVerify" time="2.149"/>
  <system-out/>
</testsuite> <!-- Selenium.petSwagger.getPetTest -->
