<?xml version="1.0" encoding="UTF-8"?>
<!-- Generated by org.testng.reporters.JUnitReportReporter -->
<testsuite hostname="DESKTOP-PSPSVDJ" failures="0" tests="1" name="Selenium.petSwagger.getPetAPITest" time="5.949" errors="0" timestamp="2023-02-21T11:41:04 EST" skipped="0">
  <testcase classname="Selenium.petSwagger.getPetAPITest" name="findPet" time="5.949"/>
  <system-out/>
</testsuite> <!-- Selenium.petSwagger.getPetAPITest -->
